<?xml version="1.0" encoding="UTF-8"?>
<robot generator="Robot 6.1.1 (Python 3.11.5 on win32)" generated="20231021 22:14:23.534" rpa="false" schemaversion="4">
<suite id="s1" name="TC1" source="C:\Users\Kittu\PycharmProjects\Robot\RobotDemo\TC1.robot">
<test id="s1-t1" name="Automation RegisterPage" line="54">
<kw name="Lauch app">
<kw name="Open Browser" library="SeleniumLibrary">
<arg>https://demo.automationtesting.in/Register.html</arg>
<arg>chrome</arg>
<doc>Opens a new browser instance to the optional ``url``.</doc>
<msg timestamp="20231021 22:14:23.708" level="INFO">Opening browser 'chrome' to base url 'https://demo.automationtesting.in/Register.html'.</msg>
<status status="PASS" starttime="20231021 22:14:23.708" endtime="20231021 22:14:27.014"/>
</kw>
<kw name="Maximize Browser Window" library="SeleniumLibrary">
<doc>Maximizes current browser window.</doc>
<status status="PASS" starttime="20231021 22:14:27.014" endtime="20231021 22:14:27.153"/>
</kw>
<status status="PASS" starttime="20231021 22:14:23.708" endtime="20231021 22:14:27.153"/>
</kw>
<kw name="Input Text" library="SeleniumLibrary">
<arg>//*[@id="basicBootstrapForm"]/div[1]/div[1]/input</arg>
<arg>Kittuchowdary</arg>
<doc>Types the given ``text`` into the text field identified by ``locator``.</doc>
<msg timestamp="20231021 22:14:27.153" level="INFO">Typing text 'Kittuchowdary' into text field '//*[@id="basicBootstrapForm"]/div[1]/div[1]/input'.</msg>
<status status="PASS" starttime="20231021 22:14:27.153" endtime="20231021 22:14:27.279"/>
</kw>
<kw name="Sleep" library="BuiltIn">
<arg>2</arg>
<doc>Pauses the test executed for the given time.</doc>
<msg timestamp="20231021 22:14:29.280" level="INFO">Slept 2 seconds</msg>
<status status="PASS" starttime="20231021 22:14:27.279" endtime="20231021 22:14:29.280"/>
</kw>
<kw name="Input Text" library="SeleniumLibrary">
<arg>//*[@id="basicBootstrapForm"]/div[1]/div[2]/input</arg>
<arg>gannamani</arg>
<doc>Types the given ``text`` into the text field identified by ``locator``.</doc>
<msg timestamp="20231021 22:14:29.280" level="INFO">Typing text 'gannamani' into text field '//*[@id="basicBootstrapForm"]/div[1]/div[2]/input'.</msg>
<status status="PASS" starttime="20231021 22:14:29.280" endtime="20231021 22:14:29.372"/>
</kw>
<kw name="Sleep" library="BuiltIn">
<arg>2</arg>
<doc>Pauses the test executed for the given time.</doc>
<msg timestamp="20231021 22:14:31.372" level="INFO">Slept 2 seconds</msg>
<status status="PASS" starttime="20231021 22:14:29.372" endtime="20231021 22:14:31.372"/>
</kw>
<kw name="Input Text" library="SeleniumLibrary">
<arg>//*[@id="basicBootstrapForm"]/div[2]/div/textarea</arg>
<arg>Dommeru</arg>
<doc>Types the given ``text`` into the text field identified by ``locator``.</doc>
<msg timestamp="20231021 22:14:31.373" level="INFO">Typing text 'Dommeru' into text field '//*[@id="basicBootstrapForm"]/div[2]/div/textarea'.</msg>
<status status="PASS" starttime="20231021 22:14:31.373" endtime="20231021 22:14:31.529"/>
</kw>
<kw name="Sleep" library="BuiltIn">
<arg>2</arg>
<doc>Pauses the test executed for the given time.</doc>
<msg timestamp="20231021 22:14:33.529" level="INFO">Slept 2 seconds</msg>
<status status="PASS" starttime="20231021 22:14:31.529" endtime="20231021 22:14:33.529"/>
</kw>
<kw name="Input Text" library="SeleniumLibrary">
<arg>//*[@id="eid"]/input</arg>
<arg>kittuchowdary1486@gmail.com</arg>
<doc>Types the given ``text`` into the text field identified by ``locator``.</doc>
<msg timestamp="20231021 22:14:33.529" level="INFO">Typing text 'kittuchowdary1486@gmail.com' into text field '//*[@id="eid"]/input'.</msg>
<status status="PASS" starttime="20231021 22:14:33.529" endtime="20231021 22:14:33.697"/>
</kw>
<kw name="Sleep" library="BuiltIn">
<arg>2</arg>
<doc>Pauses the test executed for the given time.</doc>
<msg timestamp="20231021 22:14:35.698" level="INFO">Slept 2 seconds</msg>
<status status="PASS" starttime="20231021 22:14:33.697" endtime="20231021 22:14:35.698"/>
</kw>
<kw name="Input Text" library="SeleniumLibrary">
<arg>//*[@id="basicBootstrapForm"]/div[4]/div/input</arg>
<arg>8919152634</arg>
<doc>Types the given ``text`` into the text field identified by ``locator``.</doc>
<msg timestamp="20231021 22:14:35.698" level="INFO">Typing text '8919152634' into text field '//*[@id="basicBootstrapForm"]/div[4]/div/input'.</msg>
<status status="PASS" starttime="20231021 22:14:35.698" endtime="20231021 22:14:35.863"/>
</kw>
<kw name="Sleep" library="BuiltIn">
<arg>2</arg>
<doc>Pauses the test executed for the given time.</doc>
<msg timestamp="20231021 22:14:37.864" level="INFO">Slept 2 seconds</msg>
<status status="PASS" starttime="20231021 22:14:35.863" endtime="20231021 22:14:37.864"/>
</kw>
<kw name="Click Element" library="SeleniumLibrary">
<arg>//*[@id="basicBootstrapForm"]/div[5]/div/label[1]</arg>
<doc>Click the element identified by ``locator``.</doc>
<msg timestamp="20231021 22:14:37.864" level="INFO">Clicking element '//*[@id="basicBootstrapForm"]/div[5]/div/label[1]'.</msg>
<status status="PASS" starttime="20231021 22:14:37.864" endtime="20231021 22:14:37.962"/>
</kw>
<kw name="Sleep" library="BuiltIn">
<arg>2</arg>
<doc>Pauses the test executed for the given time.</doc>
<msg timestamp="20231021 22:14:39.963" level="INFO">Slept 2 seconds</msg>
<status status="PASS" starttime="20231021 22:14:37.962" endtime="20231021 22:14:39.963"/>
</kw>
<kw name="Click Element" library="SeleniumLibrary">
<arg>checkbox1</arg>
<doc>Click the element identified by ``locator``.</doc>
<msg timestamp="20231021 22:14:39.963" level="INFO">Clicking element 'checkbox1'.</msg>
<status status="PASS" starttime="20231021 22:14:39.963" endtime="20231021 22:14:40.029"/>
</kw>
<kw name="Sleep" library="BuiltIn">
<arg>2</arg>
<doc>Pauses the test executed for the given time.</doc>
<msg timestamp="20231021 22:14:42.029" level="INFO">Slept 2 seconds</msg>
<status status="PASS" starttime="20231021 22:14:40.029" endtime="20231021 22:14:42.029"/>
</kw>
<kw name="Select From List By Label" library="SeleniumLibrary">
<arg>Skills</arg>
<arg>CSS</arg>
<doc>Selects options from selection list ``locator`` by ``labels``.</doc>
<msg timestamp="20231021 22:14:42.029" level="INFO">Selecting options from selection list 'Skills' by label CSS.</msg>
<status status="PASS" starttime="20231021 22:14:42.029" endtime="20231021 22:14:42.161"/>
</kw>
<kw name="Sleep" library="BuiltIn">
<arg>5</arg>
<doc>Pauses the test executed for the given time.</doc>
<msg timestamp="20231021 22:14:47.163" level="INFO">Slept 5 seconds</msg>
<status status="PASS" starttime="20231021 22:14:42.162" endtime="20231021 22:14:47.163"/>
</kw>
<kw name="Click Element" library="SeleniumLibrary">
<arg>id:msdd</arg>
<doc>Click the element identified by ``locator``.</doc>
<msg timestamp="20231021 22:14:47.163" level="INFO">Clicking element 'id:msdd'.</msg>
<status status="PASS" starttime="20231021 22:14:47.163" endtime="20231021 22:14:47.257"/>
</kw>
<kw name="Sleep" library="BuiltIn">
<arg>2</arg>
<doc>Pauses the test executed for the given time.</doc>
<msg timestamp="20231021 22:14:49.258" level="INFO">Slept 2 seconds</msg>
<status status="PASS" starttime="20231021 22:14:47.257" endtime="20231021 22:14:49.258"/>
</kw>
<kw name="Click Element" library="SeleniumLibrary">
<arg>xpath://li//a[text()='English']</arg>
<doc>Click the element identified by ``locator``.</doc>
<msg timestamp="20231021 22:14:49.258" level="INFO">Clicking element 'xpath://li//a[text()='English']'.</msg>
<status status="PASS" starttime="20231021 22:14:49.258" endtime="20231021 22:14:49.359"/>
</kw>
<kw name="Sleep" library="BuiltIn">
<arg>2</arg>
<doc>Pauses the test executed for the given time.</doc>
<msg timestamp="20231021 22:14:51.361" level="INFO">Slept 2 seconds</msg>
<status status="PASS" starttime="20231021 22:14:49.360" endtime="20231021 22:14:51.361"/>
</kw>
<kw name="Click Element" library="SeleniumLibrary">
<arg>xpath://li//a[text()='Dutch']</arg>
<doc>Click the element identified by ``locator``.</doc>
<msg timestamp="20231021 22:14:51.361" level="INFO">Clicking element 'xpath://li//a[text()='Dutch']'.</msg>
<status status="PASS" starttime="20231021 22:14:51.361" endtime="20231021 22:14:51.449"/>
</kw>
<kw name="Select From List By Value" library="SeleniumLibrary">
<arg>id:yearbox</arg>
<arg>1933</arg>
<doc>Selects options from selection list ``locator`` by ``values``.</doc>
<msg timestamp="20231021 22:14:51.452" level="INFO">Selecting options from selection list 'id:yearbox' by value 1933.</msg>
<status status="PASS" starttime="20231021 22:14:51.449" endtime="20231021 22:14:51.570"/>
</kw>
<kw name="Select From List By Label" library="SeleniumLibrary">
<arg>xpath://*[@id="basicBootstrapForm"]/div[11]/div[2]/select</arg>
<arg>May</arg>
<doc>Selects options from selection list ``locator`` by ``labels``.</doc>
<msg timestamp="20231021 22:14:51.571" level="INFO">Selecting options from selection list 'xpath://*[@id="basicBootstrapForm"]/div[11]/div[2]/select' by label May.</msg>
<status status="PASS" starttime="20231021 22:14:51.571" endtime="20231021 22:14:51.669"/>
</kw>
<kw name="Select From List By Value" library="SeleniumLibrary">
<arg>id:daybox</arg>
<arg>20</arg>
<doc>Selects options from selection list ``locator`` by ``values``.</doc>
<msg timestamp="20231021 22:14:51.669" level="INFO">Selecting options from selection list 'id:daybox' by value 20.</msg>
<status status="PASS" starttime="20231021 22:14:51.669" endtime="20231021 22:14:51.785"/>
</kw>
<kw name="Sleep" library="BuiltIn">
<arg>2</arg>
<doc>Pauses the test executed for the given time.</doc>
<msg timestamp="20231021 22:14:53.786" level="INFO">Slept 2 seconds</msg>
<status status="PASS" starttime="20231021 22:14:51.785" endtime="20231021 22:14:53.786"/>
</kw>
<kw name="Input Text" library="SeleniumLibrary">
<arg>id:firstpassword</arg>
<arg>kittu@9999</arg>
<doc>Types the given ``text`` into the text field identified by ``locator``.</doc>
<msg timestamp="20231021 22:14:53.786" level="INFO">Typing text 'kittu@9999' into text field 'id:firstpassword'.</msg>
<status status="PASS" starttime="20231021 22:14:53.786" endtime="20231021 22:14:53.950"/>
</kw>
<kw name="Input Text" library="SeleniumLibrary">
<arg>id:secondpassword</arg>
<arg>kittu@9999</arg>
<doc>Types the given ``text`` into the text field identified by ``locator``.</doc>
<msg timestamp="20231021 22:14:53.951" level="INFO">Typing text 'kittu@9999' into text field 'id:secondpassword'.</msg>
<status status="PASS" starttime="20231021 22:14:53.950" endtime="20231021 22:14:54.069"/>
</kw>
<kw name="Click Element" library="SeleniumLibrary">
<arg>id:submitbtn</arg>
<doc>Click the element identified by ``locator``.</doc>
<msg timestamp="20231021 22:14:54.070" level="INFO">Clicking element 'id:submitbtn'.</msg>
<status status="PASS" starttime="20231021 22:14:54.070" endtime="20231021 22:14:54.136"/>
</kw>
<status status="PASS" starttime="20231021 22:14:23.708" endtime="20231021 22:14:54.136"/>
</test>
<status status="PASS" starttime="20231021 22:14:23.534" endtime="20231021 22:14:54.136"/>
</suite>
<statistics>
<total>
<stat pass="1" fail="0" skip="0">All Tests</stat>
</total>
<tag>
</tag>
<suite>
<stat pass="1" fail="0" skip="0" id="s1" name="TC1">TC1</stat>
</suite>
</statistics>
<errors>
</errors>
</robot>
